GET / : 500 : 10ms
GET / : 500 : 2ms
GET / : 200 : 7ms
GET / : 304 : 1ms
GET / : 304 : 0ms
GET / : 304 : 1ms
GET / : 304 : 0ms
GET / : 304 : 1ms
GET / : 200 : 7ms
GET / : 304 : 2ms
GET / : 304 : 1ms
GET / : 304 : 1ms
GET / : 304 : 1ms
GET / : 304 : 1ms
GET / : 304 : 0ms
GET / : 200 : 7ms
GET / : 200 : 8ms
GET / : 200 : 8ms
GET / : 200 : 6ms
GET /auth/signup : 404 : 3ms
POST /auth/signup : 404 : 1ms
POST /auth/signup : 404 : 0ms
POST /auth/signup : 404 : 1ms
POST /auth/signup : 404 : 2ms
GET / : 304 : 6ms
GET /favicon.ico : 404 : 4ms
GET /auth/signup : 404 : 2ms
GET /auth/signup : 404 : 1ms
GET /auth/signup : 200 : 5ms
POST /auth/signup : 500 : 14ms
POST /auth/signup : 500 : 3ms
POST /auth/signup : 500 : 3ms
POST /auth/signup : 500 : 23ms
POST /auth/signup : 500 : 17ms
POST /auth/signup : 500 : 4ms
POST /auth/signup : 500 : 3ms
POST /auth/signup : 200 : 24ms
GET / : 304 : 5ms
GET /users/get-all-users : 404 : 3ms
GET /users/get-all-users : 404 : 1ms
GET /users/get-all-users : 404 : 1ms
GET /users/get-all-users : 404 : 5ms
GET /users/get-all-users : 200 : 28ms
GET / : 304 : 6ms
GET /favicon.ico : 404 : 2ms
GET /asdasd : 404 : 1ms
GET /asdasd : 404 : 7ms
GET /asdasd : 404 : 0ms
GET /asdasd : 404 : 1ms
GET /asdasd : 404 : 1ms
GET /asdasd : 404 : 6ms
GET /asdasd : 404 : 7ms
GET /asdasd : 404 : 1ms
GET /asdasd : 404 : 5ms
GET / : 304 : 6ms
POST /auth/get-otp : 500 : 19ms
POST /auth/get-otp : 500 : 19ms
POST /auth/get-otp : 500 : 19ms
POST /auth/get-otp : 500 : 18ms
POST /auth/get-otp : 500 : 18ms
POST /auth/get-otp : 500 : 3ms
POST /auth/get-otp : 400 : 8ms
POST /auth/get-otp : 400 : 8ms
POST /auth/get-otp : 400 : 10ms
POST /auth/get-otp : 500 : 10ms
POST /auth/get-otp : 400 : 10ms
POST /auth/get-otp : 400 : 2ms
POST /auth/get-otp : 400 : 1ms
POST /auth/get-otp : 400 : 10ms
POST /auth/get-otp : 400 : 10ms
POST /auth/get-otp : 400 : 10ms
POST /auth/get-otp : 500 : 21ms
POST /auth/get-otp : 500 : 11ms
POST /auth/get-otp : 500 : 21ms
POST /auth/get-otp : 500 : 4ms
POST /auth/get-otp : 500 : 4ms
POST /auth/get-otp : 500 : 3ms
POST /auth/get-otp : 500 : 22ms
POST /auth/get-otp : 200 : 22ms
POST /auth/get-otp : 200 : 22ms
POST /auth/get-otp : 200 : 5ms
POST /auth/get-otp : 200 : 4ms
POST /user/get-all : 404 : 1ms
GET /user/get-all : 404 : 0ms
GET /user/get-all-users : 404 : 1ms
GET /users/get-all-users : 200 : 18ms
GET /users/get-all-users : 200 : 18ms
GET /users/get-all-users : 200 : 20ms
GET /users/get-all-users : 200 : 18ms
GET /users/get-all-users : 200 : 18ms
GET /users/get-all-users : 200 : 18ms
GET /users/get-all-users : 200 : 19ms
GET /users/get-all-users : 200 : 18ms
GET /users/get-all-users : 200 : 18ms
GET /users/get-all-users : 200 : 18ms
GET /users/get-all-users : 200 : 20ms
GET /users/get-all-users : 200 : 18ms
GET /users/get-all-users : 200 : 20ms
GET /users/get-all-users : 200 : 19ms
GET /users/get-all-users : 200 : 4ms
GET /users/get-all-users : 200 : 3ms
GET /users/get-all-users : 200 : 3ms
GET /users/get-all-users : 200 : 17ms
GET /auth/get-otp : 404 : 1ms
POST /auth/get-otp : 500 : 6ms
POST /auth/get-otp : 500 : 13ms
POST /auth/get-otp : 500 : 21ms
GET / : 304 : 6ms
GET /favicon.ico : 404 : 1ms
GET /api-docs : 301 : 3ms
GET /api-docs/ : 200 : 1ms
GET /api-docs/swagger-ui-init.js : 200 : 0ms
GET /api-docs/swagger-ui.css : 200 : 10ms
GET /api-docs/swagger-ui-standalone-preset.js : 200 : 14ms
GET /api-docs/swagger-ui-bundle.js : 200 : 25ms
GET /api-docs/favicon-32x32.png : 200 : 1ms
GET /api-docs/ : 304 : 7ms
GET /api-docs/swagger-ui.css : 304 : 2ms
GET /api-docs/swagger-ui-standalone-preset.js : 304 : 2ms
GET /api-docs/swagger-ui-bundle.js : 304 : 0ms
GET /api-docs/swagger-ui-init.js : 304 : 1ms
GET /api-docs/favicon-32x32.png : 304 : 1ms
GET /api-docs/ : 304 : 1ms
GET /api-docs/swagger-ui.css : 304 : 0ms
GET /api-docs/swagger-ui-init.js : 304 : 0ms
GET /api-docs/swagger-ui-bundle.js : 304 : 3ms
GET /api-docs/swagger-ui-standalone-preset.js : 304 : 3ms
GET /api-docs/favicon-32x32.png : 304 : 1ms
GET /api-docs/ : 304 : 1ms
GET /api-docs/swagger-ui.css : 304 : 1ms
GET /api-docs/swagger-ui-init.js : 304 : 1ms
GET /api-docs/swagger-ui-bundle.js : 304 : 2ms
GET /api-docs/swagger-ui-standalone-preset.js : 304 : 3ms
GET /api-docs/favicon-32x32.png : 304 : 1ms
GET /api-docs/ : 304 : 0ms
GET /api-docs/swagger-ui.css : 304 : 1ms
GET /api-docs/swagger-ui-bundle.js : 304 : 1ms
GET /api-docs/swagger-ui-standalone-preset.js : 304 : 1ms
GET /api-docs/swagger-ui-init.js : 304 : 0ms
GET /api-docs/favicon-32x32.png : 304 : 0ms
GET /api-docs/ : 304 : 1ms
GET /api-docs/swagger-ui.css : 304 : 0ms
GET /api-docs/swagger-ui-init.js : 304 : 1ms
GET /api-docs/swagger-ui-bundle.js : 304 : 1ms
GET /api-docs/swagger-ui-standalone-preset.js : 304 : 2ms
GET /api-docs/favicon-32x32.png : 304 : 1ms
GET / : 304 : 6ms
GET /api-docs/ : 304 : 3ms
GET /api-docs/swagger-ui.css : 304 : 2ms
GET /api-docs/swagger-ui-bundle.js : 304 : 1ms
GET /api-docs/swagger-ui-standalone-preset.js : 304 : 2ms
GET /api-docs/swagger-ui-init.js : 304 : 1ms
GET /api-docs/ : 304 : 8ms
GET /api-docs/swagger-ui.css : 304 : 3ms
GET /api-docs/swagger-ui-bundle.js : 304 : 3ms
GET /api-docs/swagger-ui-standalone-preset.js : 304 : 1ms
GET /api-docs/swagger-ui-init.js : 304 : 1ms
GET /api-docs/favicon-32x32.png : 304 : 0ms
GET /api-docs/ : 304 : 1ms
GET /api-docs/swagger-ui.css : 304 : 1ms
GET /api-docs/swagger-ui-init.js : 304 : 1ms
GET /api-docs/swagger-ui-bundle.js : 304 : 3ms
GET /api-docs/swagger-ui-standalone-preset.js : 304 : 3ms
GET /api-docs/favicon-32x32.png : 304 : 1ms
GET /api-docs/ : 304 : 8ms
GET /api-docs/swagger-ui.css : 304 : 2ms
GET /api-docs/swagger-ui-bundle.js : 304 : 1ms
GET /api-docs/swagger-ui-standalone-preset.js : 304 : 0ms
GET /api-docs/swagger-ui-init.js : 304 : 1ms
GET /api-docs/favicon-32x32.png : 304 : 0ms
GET /api-docs/ : 304 : 1ms
GET /api-docs/swagger-ui.css : 304 : 1ms
GET /api-docs/swagger-ui-init.js : 304 : 0ms
GET /api-docs/swagger-ui-bundle.js : 304 : 3ms
GET /api-docs/swagger-ui-standalone-preset.js : 304 : 3ms
GET /api-docs/favicon-32x32.png : 304 : 1ms
GET /api-docs/ : 304 : 1ms
GET /api-docs/swagger-ui.css : 304 : 1ms
GET /api-docs/swagger-ui-init.js : 304 : 0ms
GET /api-docs/swagger-ui-bundle.js : 304 : 2ms
GET /api-docs/swagger-ui-standalone-preset.js : 304 : 2ms
GET /api-docs/favicon-32x32.png : 304 : 1ms
GET /api-docs/ : 304 : 0ms
GET /api-docs/swagger-ui.css : 304 : 1ms
GET /api-docs/swagger-ui-init.js : 304 : 1ms
GET /api-docs/swagger-ui-bundle.js : 304 : 1ms
GET /api-docs/swagger-ui-standalone-preset.js : 304 : 2ms
GET /api-docs/favicon-32x32.png : 304 : 0ms
GET /api-docs/ : 304 : 8ms
GET /api-docs/swagger-ui.css : 304 : 2ms
GET /api-docs/swagger-ui-bundle.js : 304 : 2ms
GET /api-docs/swagger-ui-standalone-preset.js : 304 : 1ms
GET /api-docs/swagger-ui-init.js : 304 : 0ms
GET /api-docs/favicon-32x32.png : 304 : 1ms
GET /api-docs/ : 304 : 1ms
GET /api-docs/swagger-ui.css : 304 : 1ms
GET /api-docs/swagger-ui-init.js : 304 : 1ms
GET /api-docs/swagger-ui-bundle.js : 304 : 3ms
GET /api-docs/swagger-ui-standalone-preset.js : 304 : 3ms
GET /api-docs/favicon-32x32.png : 304 : 0ms
GET /api-docs/ : 304 : 7ms
GET /api-docs/swagger-ui.css : 304 : 2ms
GET /api-docs/swagger-ui-bundle.js : 304 : 1ms
GET /api-docs/swagger-ui-standalone-preset.js : 304 : 1ms
GET /api-docs/swagger-ui-init.js : 304 : 1ms
GET /api-docs/favicon-32x32.png : 304 : 1ms
GET /api-docs/ : 304 : 1ms
GET /api-docs/swagger-ui.css : 304 : 1ms
GET /api-docs/swagger-ui-init.js : 304 : 0ms
GET /api-docs/swagger-ui-bundle.js : 304 : 3ms
GET /api-docs/swagger-ui-standalone-preset.js : 304 : 3ms
GET /api-docs/favicon-32x32.png : 304 : 1ms
GET /api-docs/ : 304 : 8ms
GET /api-docs/swagger-ui.css : 304 : 2ms
GET /api-docs/swagger-ui-bundle.js : 304 : 2ms
GET /api-docs/swagger-ui-init.js : 304 : 1ms
GET /api-docs/swagger-ui-standalone-preset.js : 304 : 2ms
GET /api-docs/favicon-32x32.png : 304 : 1ms
GET /api-docs/ : 304 : 0ms
GET /api-docs/swagger-ui.css : 304 : 1ms
GET /api-docs/swagger-ui-init.js : 304 : 0ms
GET /api-docs/swagger-ui-bundle.js : 304 : 3ms
GET /api-docs/swagger-ui-standalone-preset.js : 304 : 3ms
GET /api-docs/favicon-32x32.png : 304 : 0ms
GET /api-docs/ : 304 : 0ms
GET /api-docs/swagger-ui.css : 304 : 2ms
GET /api-docs/swagger-ui-init.js : 304 : 1ms
GET /api-docs/swagger-ui-bundle.js : 304 : 3ms
GET /api-docs/swagger-ui-standalone-preset.js : 304 : 3ms
GET /api-docs/favicon-32x32.png : 304 : 1ms
GET /api-docs/ : 304 : 1ms
GET /api-docs/swagger-ui.css : 304 : 1ms
GET /api-docs/swagger-ui-init.js : 304 : 1ms
GET /api-docs/swagger-ui-bundle.js : 304 : 2ms
GET /api-docs/swagger-ui-standalone-preset.js : 304 : 2ms
GET /api-docs/favicon-32x32.png : 304 : 0ms
GET /api-docs/ : 304 : 0ms
GET /api-docs/swagger-ui.css : 304 : 0ms
GET /api-docs/swagger-ui-init.js : 304 : 1ms
GET /api-docs/swagger-ui-bundle.js : 304 : 2ms
GET /api-docs/swagger-ui-standalone-preset.js : 304 : 2ms
GET /api-docs/favicon-32x32.png : 304 : 0ms
GET /api-docs/ : 304 : 8ms
GET /api-docs/swagger-ui.css : 304 : 2ms
GET /api-docs/swagger-ui-bundle.js : 304 : 3ms
GET /api-docs/swagger-ui-standalone-preset.js : 304 : 1ms
GET /api-docs/swagger-ui-init.js : 304 : 1ms
GET /api-docs/favicon-32x32.png : 304 : 0ms
GET /api-docs/ : 304 : 1ms
GET /api-docs/swagger-ui.css : 304 : 1ms
GET /api-docs/swagger-ui-init.js : 304 : 1ms
GET /api-docs/swagger-ui-bundle.js : 304 : 3ms
GET /api-docs/swagger-ui-standalone-preset.js : 304 : 2ms
GET /api-docs/favicon-32x32.png : 304 : 1ms
GET /api-docs/ : 304 : 1ms
GET /api-docs/swagger-ui-init.js : 304 : 0ms
GET /api-docs/swagger-ui.css : 304 : 2ms
GET /api-docs/swagger-ui-bundle.js : 304 : 3ms
GET /api-docs/swagger-ui-standalone-preset.js : 304 : 2ms
GET /api-docs/favicon-32x32.png : 304 : 1ms
GET /api-docs/ : 304 : 1ms
GET /api-docs/swagger-ui.css : 304 : 1ms
GET /api-docs/swagger-ui-init.js : 304 : 0ms
GET /api-docs/swagger-ui-bundle.js : 304 : 1ms
GET /api-docs/swagger-ui-standalone-preset.js : 304 : 2ms
GET /api-docs/favicon-32x32.png : 304 : 1ms
GET /api-docs/ : 304 : 7ms
GET /api-docs/swagger-ui.css : 304 : 2ms
GET /api-docs/swagger-ui-bundle.js : 304 : 2ms
GET /api-docs/swagger-ui-init.js : 304 : 1ms
GET /api-docs/swagger-ui-standalone-preset.js : 304 : 2ms
GET /api-docs/favicon-32x32.png : 304 : 0ms
GET /api-docs/ : 304 : 0ms
GET /api-docs/swagger-ui.css : 304 : 1ms
GET /api-docs/swagger-ui-init.js : 304 : 1ms
GET /api-docs/swagger-ui-bundle.js : 304 : 3ms
GET /api-docs/swagger-ui-standalone-preset.js : 304 : 2ms
GET /api-docs/favicon-32x32.png : 304 : 1ms
GET /api-docs/ : 304 : 0ms
GET /api-docs/swagger-ui.css : 304 : 0ms
GET /api-docs/swagger-ui-init.js : 304 : 1ms
GET /api-docs/swagger-ui-bundle.js : 304 : 1ms
GET /api-docs/swagger-ui-standalone-preset.js : 304 : 2ms
GET /api-docs/favicon-32x32.png : 304 : 0ms
GET /api-docs/ : 304 : 1ms
GET /api-docs/swagger-ui-init.js : 304 : 0ms
GET /api-docs/swagger-ui.css : 304 : 2ms
GET /api-docs/swagger-ui-bundle.js : 304 : 3ms
GET /api-docs/swagger-ui-standalone-preset.js : 304 : 3ms
GET /api-docs/favicon-32x32.png : 304 : 1ms
GET /api-docs/ : 304 : 7ms
GET /api-docs/swagger-ui.css : 304 : 1ms
GET /api-docs/swagger-ui-bundle.js : 304 : 2ms
GET /api-docs/swagger-ui-init.js : 304 : 1ms
GET /api-docs/swagger-ui-standalone-preset.js : 304 : 1ms
GET /api-docs/favicon-32x32.png : 304 : 0ms
GET / : 304 : 5ms
GET /api-docs/ : 304 : 4ms
GET /api-docs/swagger-ui.css : 304 : 6ms
GET /api-docs/swagger-ui-bundle.js : 304 : 1ms
GET /api-docs/swagger-ui-standalone-preset.js : 304 : 1ms
GET /api-docs/swagger-ui-init.js : 304 : 1ms
GET /api-docs/ : 304 : 7ms
GET /api-docs/swagger-ui.css : 304 : 2ms
GET /api-docs/swagger-ui-bundle.js : 304 : 2ms
GET /api-docs/swagger-ui-standalone-preset.js : 304 : 1ms
GET /api-docs/swagger-ui-init.js : 304 : 0ms
GET /api-docs/favicon-32x32.png : 304 : 0ms
GET /api-docs/ : 304 : 1ms
GET /api-docs/swagger-ui.css : 304 : 1ms
GET /api-docs/swagger-ui-init.js : 304 : 0ms
GET /api-docs/swagger-ui-bundle.js : 304 : 3ms
GET /api-docs/swagger-ui-standalone-preset.js : 304 : 3ms
GET /api-docs/favicon-32x32.png : 304 : 1ms
GET /api-docs/ : 304 : 1ms
GET /api-docs/swagger-ui.css : 304 : 0ms
GET /api-docs/swagger-ui-init.js : 304 : 0ms
GET /api-docs/swagger-ui-bundle.js : 304 : 2ms
GET /api-docs/swagger-ui-standalone-preset.js : 304 : 2ms
GET /api-docs/favicon-32x32.png : 304 : 1ms
GET /api-docs/ : 304 : 8ms
GET /api-docs/swagger-ui.css : 304 : 3ms
GET /api-docs/swagger-ui-bundle.js : 304 : 2ms
GET /api-docs/swagger-ui-standalone-preset.js : 304 : 1ms
GET /api-docs/swagger-ui-init.js : 304 : 1ms
GET /api-docs/favicon-32x32.png : 304 : 0ms
GET /api-docs/ : 304 : 1ms
GET /api-docs/swagger-ui.css : 304 : 0ms
GET /api-docs/swagger-ui-init.js : 304 : 1ms
GET /api-docs/swagger-ui-bundle.js : 304 : 4ms
GET /api-docs/swagger-ui-standalone-preset.js : 304 : 4ms
GET /api-docs/favicon-32x32.png : 304 : 1ms
GET /api-docs/ : 304 : 1ms
GET /api-docs/swagger-ui.css : 304 : 0ms
GET /api-docs/swagger-ui-init.js : 304 : 0ms
GET /api-docs/swagger-ui-bundle.js : 304 : 2ms
GET /api-docs/swagger-ui-standalone-preset.js : 304 : 2ms
GET /api-docs/favicon-32x32.png : 304 : 1ms
GET /api-docs/ : 304 : 7ms
GET /api-docs/swagger-ui.css : 304 : 3ms
GET /api-docs/swagger-ui-bundle.js : 304 : 2ms
GET /api-docs/swagger-ui-standalone-preset.js : 304 : 1ms
GET /api-docs/swagger-ui-init.js : 304 : 1ms
GET /api-docs/favicon-32x32.png : 304 : 1ms
GET /api-docs/ : 304 : 1ms
GET /api-docs/swagger-ui.css : 304 : 0ms
GET /api-docs/swagger-ui-init.js : 304 : 1ms
GET /api-docs/swagger-ui-bundle.js : 304 : 4ms
GET /api-docs/swagger-ui-standalone-preset.js : 304 : 3ms
GET /api-docs/favicon-32x32.png : 304 : 1ms
GET /api-docs/ : 304 : 0ms
GET /api-docs/swagger-ui.css : 304 : 0ms
GET /api-docs/swagger-ui-init.js : 304 : 0ms
GET /api-docs/swagger-ui-bundle.js : 304 : 2ms
GET /api-docs/swagger-ui-standalone-preset.js : 304 : 2ms
GET /api-docs/favicon-32x32.png : 304 : 0ms
GET / : 304 : 6ms
GET /api-docs/ : 304 : 3ms
GET /api-docs/swagger-ui.css : 304 : 1ms
GET /api-docs/swagger-ui-bundle.js : 304 : 1ms
GET /api-docs/swagger-ui-standalone-preset.js : 304 : 1ms
GET /api-docs/swagger-ui-init.js : 304 : 0ms
GET /api-docs/ : 304 : 7ms
GET /api-docs/swagger-ui.css : 304 : 3ms
GET /api-docs/swagger-ui-standalone-preset.js : 304 : 2ms
GET /api-docs/swagger-ui-bundle.js : 304 : 1ms
GET /api-docs/swagger-ui-init.js : 304 : 0ms
GET /api-docs/favicon-32x32.png : 304 : 0ms
GET /api-docs/ : 304 : 7ms
GET /api-docs/swagger-ui.css : 304 : 3ms
GET /api-docs/swagger-ui-bundle.js : 304 : 2ms
GET /api-docs/swagger-ui-standalone-preset.js : 304 : 1ms
GET /api-docs/swagger-ui-init.js : 304 : 0ms
GET /api-docs/favicon-32x32.png : 304 : 1ms
GET /api-docs/ : 304 : 1ms
GET /api-docs/swagger-ui.css : 304 : 1ms
GET /api-docs/swagger-ui-init.js : 304 : 1ms
GET /api-docs/swagger-ui-bundle.js : 304 : 2ms
GET /api-docs/swagger-ui-standalone-preset.js : 304 : 2ms
GET /api-docs/favicon-32x32.png : 304 : 1ms
GET /api-docs/ : 304 : 1ms
GET /api-docs/swagger-ui.css : 304 : 1ms
GET /api-docs/swagger-ui-init.js : 304 : 1ms
GET /api-docs/swagger-ui-bundle.js : 304 : 2ms
GET /api-docs/swagger-ui-standalone-preset.js : 304 : 2ms
GET /api-docs/favicon-32x32.png : 304 : 0ms
GET /api-docs/ : 304 : 0ms
GET /api-docs/swagger-ui.css : 304 : 1ms
GET /api-docs/swagger-ui-init.js : 304 : 0ms
GET /api-docs/swagger-ui-bundle.js : 304 : 1ms
GET /api-docs/swagger-ui-standalone-preset.js : 304 : 1ms
GET /api-docs/favicon-32x32.png : 304 : 0ms
GET /api-docs/ : 304 : 7ms
GET /api-docs/swagger-ui.css : 304 : 2ms
GET /api-docs/swagger-ui-bundle.js : 304 : 2ms
GET /api-docs/swagger-ui-standalone-preset.js : 304 : 1ms
GET /api-docs/swagger-ui-init.js : 304 : 0ms
GET /api-docs/favicon-32x32.png : 304 : 1ms
GET /api-docs/ : 304 : 8ms
GET /api-docs/swagger-ui.css : 304 : 2ms
GET /api-docs/swagger-ui-bundle.js : 304 : 2ms
GET /api-docs/swagger-ui-standalone-preset.js : 304 : 1ms
GET /api-docs/swagger-ui-init.js : 304 : 0ms
GET /api-docs/favicon-32x32.png : 304 : 1ms
GET /api-docs/ : 304 : 1ms
GET /api-docs/swagger-ui.css : 304 : 1ms
GET /api-docs/swagger-ui-init.js : 304 : 1ms
GET /api-docs/swagger-ui-bundle.js : 304 : 4ms
GET /api-docs/swagger-ui-standalone-preset.js : 304 : 4ms
GET /api-docs/favicon-32x32.png : 304 : 0ms
GET /api-docs/ : 304 : 1ms
GET /api-docs/swagger-ui.css : 304 : 1ms
GET /api-docs/swagger-ui-init.js : 304 : 1ms
GET /api-docs/swagger-ui-bundle.js : 304 : 2ms
GET /api-docs/swagger-ui-standalone-preset.js : 304 : 2ms
GET /api-docs/favicon-32x32.png : 304 : 0ms
GET /api-docs/ : 304 : 0ms
GET /api-docs/swagger-ui.css : 304 : 0ms
GET /api-docs/swagger-ui-bundle.js : 304 : 1ms
GET /api-docs/swagger-ui-standalone-preset.js : 304 : 1ms
GET /api-docs/swagger-ui-init.js : 304 : 1ms
GET /api-docs/favicon-32x32.png : 304 : 5ms
GET /api-docs/ : 304 : 1ms
GET /api-docs/swagger-ui.css : 304 : 0ms
GET /api-docs/swagger-ui-bundle.js : 304 : 0ms
GET /api-docs/swagger-ui-init.js : 304 : 0ms
GET /api-docs/swagger-ui-standalone-preset.js : 304 : 2ms
GET /api-docs/favicon-32x32.png : 304 : 3ms
GET /api-docs/ : 304 : 1ms
GET /api-docs/swagger-ui.css : 304 : 2ms
GET /api-docs/swagger-ui-init.js : 304 : 0ms
GET /api-docs/swagger-ui-bundle.js : 304 : 2ms
GET /api-docs/swagger-ui-standalone-preset.js : 304 : 1ms
GET /api-docs/favicon-32x32.png : 304 : 1ms
GET /api-docs/ : 304 : 7ms
GET /api-docs/swagger-ui.css : 304 : 2ms
GET /api-docs/swagger-ui-bundle.js : 304 : 2ms
GET /api-docs/swagger-ui-init.js : 304 : 0ms
GET /api-docs/swagger-ui-standalone-preset.js : 304 : 2ms
GET /api-docs/favicon-32x32.png : 304 : 0ms
GET /api-docs/ : 304 : 1ms
GET /api-docs/swagger-ui.css : 304 : 1ms
GET /api-docs/swagger-ui-init.js : 304 : 1ms
GET /api-docs/swagger-ui-bundle.js : 304 : 3ms
GET /api-docs/swagger-ui-standalone-preset.js : 304 : 3ms
GET /api-docs/favicon-32x32.png : 304 : 1ms
GET /api-docs/ : 304 : 1ms
GET /api-docs/swagger-ui.css : 304 : 1ms
GET /api-docs/swagger-ui-init.js : 304 : 0ms
GET /api-docs/swagger-ui-bundle.js : 304 : 2ms
GET /api-docs/swagger-ui-standalone-preset.js : 304 : 1ms
GET /api-docs/favicon-32x32.png : 304 : 0ms
GET /api-docs/ : 304 : 1ms
GET /api-docs/swagger-ui.css : 304 : 1ms
GET /api-docs/swagger-ui-bundle.js : 304 : 1ms
GET /api-docs/swagger-ui-standalone-preset.js : 304 : 0ms
GET /api-docs/swagger-ui-init.js : 304 : 0ms
GET /api-docs/favicon-32x32.png : 304 : 1ms
GET /api-docs/ : 304 : 7ms
GET /api-docs/swagger-ui.css : 304 : 2ms
GET /api-docs/swagger-ui-bundle.js : 304 : 3ms
GET /api-docs/swagger-ui-standalone-preset.js : 304 : 0ms
GET /api-docs/swagger-ui-init.js : 304 : 1ms
GET /api-docs/favicon-32x32.png : 304 : 0ms
GET /api-docs/ : 304 : 1ms
GET /api-docs/swagger-ui.css : 304 : 1ms
GET /api-docs/swagger-ui-init.js : 304 : 1ms
GET /api-docs/swagger-ui-bundle.js : 304 : 3ms
GET /api-docs/swagger-ui-standalone-preset.js : 304 : 3ms
GET /api-docs/favicon-32x32.png : 304 : 1ms
GET /api-docs/ : 304 : 1ms
GET /api-docs/swagger-ui.css : 304 : 0ms
GET /api-docs/swagger-ui-init.js : 304 : 0ms
GET /api-docs/swagger-ui-bundle.js : 304 : 2ms
GET /api-docs/swagger-ui-standalone-preset.js : 304 : 2ms
GET /api-docs/favicon-32x32.png : 304 : 0ms
GET /api-docs/ : 304 : 8ms
GET /api-docs/swagger-ui.css : 304 : 2ms
GET /api-docs/swagger-ui-bundle.js : 304 : 2ms
GET /api-docs/swagger-ui-standalone-preset.js : 304 : 0ms
GET /api-docs/swagger-ui-init.js : 304 : 1ms
GET /api-docs/favicon-32x32.png : 304 : 1ms
GET /api-docs/ : 304 : 1ms
GET /api-docs/swagger-ui.css : 304 : 1ms
GET /api-docs/swagger-ui-init.js : 304 : 1ms
GET /api-docs/swagger-ui-bundle.js : 304 : 3ms
GET /api-docs/swagger-ui-standalone-preset.js : 304 : 3ms
GET /api-docs/favicon-32x32.png : 304 : 1ms
GET /api-docs/ : 304 : 7ms
GET /api-docs/swagger-ui.css : 304 : 2ms
GET /api-docs/swagger-ui-bundle.js : 304 : 2ms
GET /api-docs/swagger-ui-standalone-preset.js : 304 : 0ms
GET /api-docs/swagger-ui-init.js : 200 : 1ms
GET /api-docs/favicon-32x32.png : 304 : 0ms
GET /api-docs/ : 304 : 7ms
GET /api-docs/swagger-ui.css : 304 : 3ms
GET /api-docs/swagger-ui-standalone-preset.js : 304 : 2ms
GET /api-docs/swagger-ui-bundle.js : 304 : 1ms
GET /api-docs/swagger-ui-init.js : 304 : 0ms
GET /api-docs/favicon-32x32.png : 304 : 0ms
GET /api-docs/ : 304 : 8ms
GET /api-docs/swagger-ui.css : 304 : 2ms
GET /api-docs/swagger-ui-bundle.js : 304 : 2ms
GET /api-docs/swagger-ui-standalone-preset.js : 304 : 1ms
GET /api-docs/swagger-ui-init.js : 304 : 1ms
GET /api-docs/favicon-32x32.png : 304 : 1ms
GET /api-docs/ : 304 : 0ms
GET /api-docs/swagger-ui.css : 304 : 0ms
GET /api-docs/swagger-ui-init.js : 304 : 1ms
GET /api-docs/swagger-ui-bundle.js : 304 : 4ms
GET /api-docs/swagger-ui-standalone-preset.js : 304 : 2ms
GET /api-docs/favicon-32x32.png : 304 : 1ms
GET /api-docs/ : 304 : 7ms
GET /api-docs/swagger-ui.css : 304 : 2ms
GET /api-docs/swagger-ui-bundle.js : 304 : 2ms
GET /api-docs/swagger-ui-standalone-preset.js : 304 : 1ms
GET /api-docs/swagger-ui-init.js : 200 : 1ms
GET /api-docs/favicon-32x32.png : 304 : 0ms
GET /api-docs/ : 304 : 7ms
GET /api-docs/swagger-ui.css : 304 : 2ms
GET /api-docs/swagger-ui-bundle.js : 304 : 3ms
GET /api-docs/swagger-ui-standalone-preset.js : 304 : 0ms
GET /api-docs/swagger-ui-init.js : 200 : 1ms
GET /api-docs/favicon-32x32.png : 304 : 1ms
GET /api-docs/ : 304 : 7ms
GET /api-docs/swagger-ui.css : 304 : 3ms
GET /api-docs/swagger-ui-bundle.js : 304 : 2ms
GET /api-docs/swagger-ui-standalone-preset.js : 304 : 1ms
GET /api-docs/swagger-ui-init.js : 200 : 1ms
GET /api-docs/favicon-32x32.png : 304 : 0ms
POST /auth/get-otp : 500 : 21ms
POST /auth/get-otp : 200 : 19ms
GET / : 200 : 9ms
GET /favicon.ico : 404 : 1ms
GET /api-docs/ : 200 : 3ms
GET /api-docs/swagger-ui-init.js : 200 : 0ms
GET /api-docs/swagger-ui.css : 200 : 12ms
GET /api-docs/swagger-ui-standalone-preset.js : 200 : 18ms
GET /api-docs/swagger-ui-bundle.js : 200 : 34ms
GET /api-docs/favicon-32x32.png : 200 : 2ms
POST /auth/get-otp : 500 : 31ms
POST /auth/get-otp : 400 : 16ms
POST /auth/get-otp : 500 : 17ms
POST /auth/get-otp : 200 : 28ms
GET /api-docs : 301 : 3ms
GET /api-docs/ : 304 : 2ms
GET /api-docs/swagger-ui.css : 200 : 4ms
GET /api-docs/swagger-ui-init.js : 304 : 0ms
GET /api-docs/swagger-ui-standalone-preset.js : 200 : 14ms
GET /api-docs/swagger-ui-bundle.js : 200 : 25ms
GET / : 200 : 7ms
GET /favicon.ico : 404 : 2ms
GET / : 304 : 1ms
GET /api-docs : 301 : 2ms
GET /api-docs/ : 200 : 1ms
GET /api-docs/swagger-ui-init.js : 200 : 1ms
GET /api-docs/swagger-ui.css : 200 : 14ms
GET /api-docs/swagger-ui-standalone-preset.js : 200 : 22ms
GET /api-docs/swagger-ui-bundle.js : 200 : 33ms
GET /api-docs/favicon-32x32.png : 200 : 2ms
POST /auth/get-otp : 500 : 42ms
POST /auth/get-otp : 500 : 3ms
POST /auth/get-otp : 200 : 26ms
GET / : 304 : 2ms
GET /get-all-users : 404 : 1ms
GET /user/get-all-users : 404 : 1ms
GET /users/get-all-users : 200 : 6ms
GET /api-docs/ : 304 : 7ms
GET /api-docs/swagger-ui.css : 304 : 2ms
GET /api-docs/swagger-ui-bundle.js : 304 : 1ms
GET /api-docs/swagger-ui-standalone-preset.js : 304 : 1ms
GET /api-docs/swagger-ui-init.js : 304 : 1ms
GET /api-docs/favicon-32x32.png : 304 : 2ms
GET /api-docs/ : 304 : 6ms
GET /api-docs/swagger-ui.css : 304 : 2ms
GET /api-docs/swagger-ui-bundle.js : 304 : 2ms
GET /api-docs/swagger-ui-standalone-preset.js : 304 : 2ms
GET /api-docs/swagger-ui-init.js : 200 : 1ms
GET /api-docs/favicon-32x32.png : 304 : 1ms
GET /users/get-all-users : 304 : 15ms
GET /api-docs/ : 304 : 8ms
GET /api-docs/swagger-ui-init.js : 304 : 0ms
GET /api-docs/swagger-ui.css : 200 : 16ms
GET /api-docs/swagger-ui-standalone-preset.js : 200 : 22ms
GET /api-docs/swagger-ui-bundle.js : 200 : 36ms
GET /users/get-all-users : 304 : 39ms
GET /users/get-all-users : 304 : 6ms
GET /api-docs/ : 304 : 7ms
GET /api-docs/swagger-ui.css : 304 : 2ms
GET /api-docs/swagger-ui-init.js : 304 : 1ms
GET /api-docs/swagger-ui-bundle.js : 304 : 1ms
GET /api-docs/swagger-ui-standalone-preset.js : 304 : 0ms
GET /api-docs/favicon-32x32.png : 304 : 1ms
GET /api-docs/ : 304 : 7ms
GET /api-docs/swagger-ui-init.js : 200 : 1ms
GET /api-docs/swagger-ui.css : 304 : 4ms
GET /api-docs/swagger-ui-bundle.js : 304 : 1ms
GET /api-docs/swagger-ui-standalone-preset.js : 304 : 1ms
GET /api-docs/favicon-32x32.png : 304 : 1ms
POST /auth/get-otp : 500 : 18ms
GET /api-docs/ : 304 : 8ms
GET /api-docs/swagger-ui.css : 304 : 3ms
GET /api-docs/swagger-ui-bundle.js : 304 : 3ms
GET /api-docs/swagger-ui-standalone-preset.js : 304 : 1ms
GET /api-docs/swagger-ui-init.js : 304 : 1ms
GET /api-docs/favicon-32x32.png : 304 : 1ms
POST /auth/get-otp : 200 : 20ms
GET /users/get-all-users : 200 : 13ms
GET /api-docs/ : 304 : 7ms
GET /api-docs/swagger-ui.css : 304 : 2ms
GET /api-docs/swagger-ui-bundle.js : 304 : 1ms
GET /api-docs/swagger-ui-standalone-preset.js : 304 : 1ms
GET /api-docs/swagger-ui-init.js : 304 : 1ms
GET /api-docs/favicon-32x32.png : 304 : 1ms
POST /auth/get-otp : 500 : 14ms
GET /api-docs/ : 304 : 7ms
GET /api-docs/swagger-ui.css : 304 : 2ms
GET /api-docs/swagger-ui-init.js : 304 : 1ms
GET /api-docs/swagger-ui-standalone-preset.js : 304 : 1ms
GET /api-docs/swagger-ui-bundle.js : 304 : 1ms
GET /api-docs/favicon-32x32.png : 304 : 4ms
POST /auth/get-otp : 200 : 41ms
GET /api-docs/favicon-32x32.png : 304 : 3ms
GET /users/get-all-users : 200 : 7ms
POST /auth/get-otp : 200 : 10ms
GET /users/get-all-users : 200 : 14ms
POST /auth/get-otp : 200 : 25ms
POST /auth/get-otp : 200 : 17ms
GET /users/get-all-users : 200 : 8ms
POST /auth/get-otp : 200 : 25ms
POST /auth/get-otp : 200 : 7ms
POST /auth/get-otp : 200 : 6ms
POST /auth/get-otp : 200 : 5ms
POST /auth/get-otp : 200 : 6ms
POST /auth/get-otp : 200 : 4ms
POST /auth/get-otp : 200 : 6ms
GET /users/get-all-users : 200 : 3ms
POST /auth/get-otp : 200 : 4ms
GET /users/get-all-users : 200 : 3ms
GET /api-docs/ : 304 : 7ms
GET /api-docs/swagger-ui-bundle.js : 304 : 2ms
GET /api-docs/swagger-ui.css : 304 : 2ms
GET /api-docs/swagger-ui-init.js : 304 : 1ms
GET /api-docs/swagger-ui-standalone-preset.js : 304 : 1ms
GET /api-docs/favicon-32x32.png : 304 : 1ms
POST /auth/get-otp : 400 : 4ms
POST /auth/get-otp : 200 : 19ms
POST /auth/confirm-otp : 500 : 2ms
POST /auth/confirm-otp : 500 : 24ms
POST /auth/confirm-otp : 400 : 19ms
POST /auth/get-otp : 200 : 21ms
POST /auth/confirm-otp : 400 : 5ms
POST /auth/get-otp : 200 : 5ms
POST /auth/confirm-otp : 400 : 14ms
POST /auth/confirm-otp : 400 : 22ms
POST /auth/confirm-otp : 400 : 5ms
POST /auth/confirm-otp : 400 : 22ms
POST /auth/confirm-otp : 400 : 20ms
POST /auth/confirm-otp : 400 : 20ms
POST /auth/confirm-otp : 400 : 12ms
POST /auth/confirm-otp : 500 : 8ms
POST /auth/confirm-otp : 500 : 2ms
POST /auth/confirm-otp : 500 : 23ms
POST /auth/confirm-otp : 200 : 20ms
POST /auth/get-otp : 200 : 24ms
POST /auth/confirm-otp : 200 : 9ms
